<?xml version="1.0" encoding="UTF-8"?>
<!-- Generated by org.testng.reporters.JUnitXMLReporter -->
<testsuite ignored="4" hostname="LAPTOP-56NTT3S9" failures="0" tests="1" name="Default test" time="3.713" errors="0" timestamp="2024-04-16T21:17:33 IST">
  <testcase classname="httpRequests.PostRequestExamples" name="login" time="3.668"/>
  <testcase classname="httpRequests.PostRequestExamples" name="testPost" time="0.0">
    <ignored/>
  </testcase> <!-- testPost -->
  <testcase classname="httpRequests.PostRequestExamples" name="testPOST" time="0.0">
    <ignored/>
  </testcase> <!-- testPOST -->
  <testcase classname="httpRequests.PostRequestExamples" name="postRegister" time="0.0">
    <ignored/>
  </testcase> <!-- postRegister -->
  <testcase classname="httpRequests.PostRequestExamples" name="unsuccessfulRegister" time="0.0">
    <ignored/>
  </testcase> <!-- unsuccessfulRegister -->
</testsuite> <!-- Default test -->
