<?xml version="1.0" encoding="UTF-8"?>
<!-- Generated by org.testng.reporters.JUnitXMLReporter -->
<testsuite ignored="1" hostname="LAPTOP-56NTT3S9" failures="0" tests="1" name="Default test" time="3.25" errors="0" timestamp="2024-04-16T19:16:10 IST">
  <testcase classname="httpRequests.PostRequestExamples" name="testPOST" time="3.203"/>
  <testcase classname="httpRequests.PostRequestExamples" name="testPost" time="0.0">
    <ignored/>
  </testcase> <!-- testPost -->
</testsuite> <!-- Default test -->
