<?xml version="1.0" encoding="UTF-8"?>
<testng-results ignored="0" total="1" passed="1" failed="0" skipped="0">
  <reporter-output>
  </reporter-output>
  <suite started-at="2024-04-16T16:32:02 IST" name="Default suite" finished-at="2024-04-16T16:32:04 IST" duration-ms="1807">
    <groups>
    </groups>
    <test started-at="2024-04-16T16:32:02 IST" name="Default test" finished-at="2024-04-16T16:32:04 IST" duration-ms="1807">
      <class name="httpRequests.GetRequestTests">
        <test-method signature="validateBasicGetRequest()[pri:0, instance:httpRequests.GetRequestTests@7334aada]" started-at="2024-04-16T16:32:02 IST" name="validateBasicGetRequest" finished-at="2024-04-16T16:32:04 IST" duration-ms="1752" status="PASS">
          <reporter-output>
          </reporter-output>
        </test-method> <!-- validateBasicGetRequest -->
      </class> <!-- httpRequests.GetRequestTests -->
    </test> <!-- Default test -->
  </suite> <!-- Default suite -->
</testng-results>
