<?xml version="1.0" encoding="UTF-8"?>
<testng-results ignored="1" total="2" passed="1" failed="0" skipped="0">
  <reporter-output>
  </reporter-output>
  <suite started-at="2024-04-16T19:16:07 IST" name="Default suite" finished-at="2024-04-16T19:16:10 IST" duration-ms="3250">
    <groups>
    </groups>
    <test started-at="2024-04-16T19:16:07 IST" name="Default test" finished-at="2024-04-16T19:16:10 IST" duration-ms="3250">
      <class name="httpRequests.PostRequestExamples">
        <test-method signature="testPOST()[pri:0, instance:httpRequests.PostRequestExamples@6c80d78a]" started-at="2024-04-16T19:16:07 IST" name="testPOST" finished-at="2024-04-16T19:16:10 IST" duration-ms="3203" status="PASS">
          <reporter-output>
          </reporter-output>
        </test-method> <!-- testPOST -->
      </class> <!-- httpRequests.PostRequestExamples -->
    </test> <!-- Default test -->
  </suite> <!-- Default suite -->
</testng-results>
