<?xml version="1.0" encoding="UTF-8"?>
<testng-results ignored="0" total="1" passed="1" failed="0" skipped="0">
  <reporter-output>
  </reporter-output>
  <suite started-at="2024-04-19T14:51:21 IST" name="Default suite" finished-at="2024-04-19T14:51:24 IST" duration-ms="2603">
    <groups>
    </groups>
    <test started-at="2024-04-19T14:51:21 IST" name="Default test" finished-at="2024-04-19T14:51:24 IST" duration-ms="2603">
      <class name="SoapRequests.SoapMultiplyRequest">
        <test-method signature="validateMultiplication()[pri:0, instance:SoapRequests.SoapMultiplyRequest@59309333]" started-at="2024-04-19T14:51:21 IST" name="validateMultiplication" finished-at="2024-04-19T14:51:24 IST" duration-ms="2557" status="PASS">
          <reporter-output>
          </reporter-output>
        </test-method> <!-- validateMultiplication -->
      </class> <!-- SoapRequests.SoapMultiplyRequest -->
    </test> <!-- Default test -->
  </suite> <!-- Default suite -->
</testng-results>
